<?xml version="1.0" encoding="UTF-8"?>
<testsuite name="Register user through api" tests="1" skipped="0" failures="0" errors="0" timestamp="2020-10-07T23:03:49" hostname="CHMEPPF0HE3RF" time="8.094">
  <properties/>
  <testcase name="Registration user" classname="Register user through api" time="8.094"/>
  <system-out><![CDATA[]]></system-out>
  <system-err><![CDATA[[Test worker] WARN net.thucydides.core.steps.BaseStepListener - stepStarted: net.thucydides.core.steps.ExecutedStepDescription@418bb40a
[Test worker] WARN net.thucydides.core.steps.BaseStepListener - stepFinished: current outcome:Registration user:Example: {first_name=Sebastian, last_name=Londono, gender=Male, dob=Candidate, email=sebasl02296@email.com, status=Active} [Given Sebastian create a user with the post method in https://gorest.co.in/]
[Test worker] WARN net.thucydides.core.steps.BaseStepListener - stepStarted: net.thucydides.core.steps.ExecutedStepDescription@3f1332e1
[Test worker] WARN net.thucydides.core.steps.BaseStepListener - stepStarted: net.thucydides.core.steps.ExecutedStepDescription@74085e56
[Test worker] WARN net.thucydides.core.steps.BaseStepListener - stepStarted: net.thucydides.core.steps.ExecutedStepDescription@1182beed
[Test worker] WARN net.thucydides.core.steps.BaseStepListener - stepStarted: net.thucydides.core.steps.ExecutedStepDescription@7b461ccc
[Test worker] WARN net.thucydides.core.steps.BaseStepListener - stepFinished: current outcome:Registration user:Example: {first_name=Sebastian, last_name=Londono, gender=Male, dob=Candidate, email=sebasl02296@email.com, status=Active} [Given Sebastian create a user with the post method in https://gorest.co.in/, When Candidate provide information the post method with public-api/users
| Sebastian | Londono | Male | Candidate | sebasl02296@email.com | Active | [Sebastian post method [Sebastian executes a POST on the resource public-api/users [POST https://gorest.co.in/public-api/users]]]]
[Test worker] WARN net.thucydides.core.steps.BaseStepListener - stepFinished: current outcome:Registration user:Example: {first_name=Sebastian, last_name=Londono, gender=Male, dob=Candidate, email=sebasl02296@email.com, status=Active} [Given Sebastian create a user with the post method in https://gorest.co.in/, When Candidate provide information the post method with public-api/users
| Sebastian | Londono | Male | Candidate | sebasl02296@email.com | Active | [Sebastian post method [Sebastian executes a POST on the resource public-api/users [POST https://gorest.co.in/public-api/users]]]]
[Test worker] WARN net.thucydides.core.steps.BaseStepListener - stepFinished: current outcome:Registration user:Example: {first_name=Sebastian, last_name=Londono, gender=Male, dob=Candidate, email=sebasl02296@email.com, status=Active} [Given Sebastian create a user with the post method in https://gorest.co.in/, When Candidate provide information the post method with public-api/users
| Sebastian | Londono | Male | Candidate | sebasl02296@email.com | Active | [Sebastian post method [Sebastian executes a POST on the resource public-api/users [POST https://gorest.co.in/public-api/users]]]]
[Test worker] WARN net.thucydides.core.steps.BaseStepListener - stepFinished: current outcome:Registration user:Example: {first_name=Sebastian, last_name=Londono, gender=Male, dob=Candidate, email=sebasl02296@email.com, status=Active} [Given Sebastian create a user with the post method in https://gorest.co.in/, When Candidate provide information the post method with public-api/users
| Sebastian | Londono | Male | Candidate | sebasl02296@email.com | Active | [Sebastian post method [Sebastian executes a POST on the resource public-api/users [POST https://gorest.co.in/public-api/users]]]]
[Test worker] WARN net.thucydides.core.steps.BaseStepListener - stepStarted: net.thucydides.core.steps.ExecutedStepDescription@64362bfe
[Test worker] WARN net.thucydides.core.steps.BaseStepListener - stepStarted: net.thucydides.core.steps.ExecutedStepDescription@52316bbd
[Test worker] WARN net.thucydides.core.steps.BaseStepListener - stepStarted: net.thucydides.core.steps.ExecutedStepDescription@6e411683
[Test worker] WARN net.thucydides.core.steps.BaseStepListener - stepStarted: net.thucydides.core.steps.ExecutedStepDescription@2469e2a8
[Test worker] WARN net.thucydides.core.steps.BaseStepListener - stepFinished: current outcome:Registration user:Example: {first_name=Sebastian, last_name=Londono, gender=Male, dob=Candidate, email=sebasl02296@email.com, status=Active} [Given Sebastian create a user with the post method in https://gorest.co.in/, When Candidate provide information the post method with public-api/users
| Sebastian | Londono | Male | Candidate | sebasl02296@email.com | Active | [Sebastian post method [Sebastian executes a POST on the resource public-api/users [POST https://gorest.co.in/public-api/users]]], Then Candidate verify the creation of this user with the get method public-api/users/ [Sebastian get post method [Sebastian executes a GET on the resource public-api/users/1296 [GET https://gorest.co.in/public-api/users/1296]]]]
[Test worker] WARN net.thucydides.core.steps.BaseStepListener - stepFinished: current outcome:Registration user:Example: {first_name=Sebastian, last_name=Londono, gender=Male, dob=Candidate, email=sebasl02296@email.com, status=Active} [Given Sebastian create a user with the post method in https://gorest.co.in/, When Candidate provide information the post method with public-api/users
| Sebastian | Londono | Male | Candidate | sebasl02296@email.com | Active | [Sebastian post method [Sebastian executes a POST on the resource public-api/users [POST https://gorest.co.in/public-api/users]]], Then Candidate verify the creation of this user with the get method public-api/users/ [Sebastian get post method [Sebastian executes a GET on the resource public-api/users/1296 [GET https://gorest.co.in/public-api/users/1296]]]]
[Test worker] WARN net.thucydides.core.steps.BaseStepListener - stepFinished: current outcome:Registration user:Example: {first_name=Sebastian, last_name=Londono, gender=Male, dob=Candidate, email=sebasl02296@email.com, status=Active} [Given Sebastian create a user with the post method in https://gorest.co.in/, When Candidate provide information the post method with public-api/users
| Sebastian | Londono | Male | Candidate | sebasl02296@email.com | Active | [Sebastian post method [Sebastian executes a POST on the resource public-api/users [POST https://gorest.co.in/public-api/users]]], Then Candidate verify the creation of this user with the get method public-api/users/ [Sebastian get post method [Sebastian executes a GET on the resource public-api/users/1296 [GET https://gorest.co.in/public-api/users/1296]]]]
[Test worker] WARN net.thucydides.core.steps.BaseStepListener - stepStarted: net.thucydides.core.steps.ExecutedStepDescription@293cb7dc
[Test worker] WARN net.thucydides.core.steps.BaseStepListener - stepFinished: current outcome:Registration user:Example: {first_name=Sebastian, last_name=Londono, gender=Male, dob=Candidate, email=sebasl02296@email.com, status=Active} [Given Sebastian create a user with the post method in https://gorest.co.in/, When Candidate provide information the post method with public-api/users
| Sebastian | Londono | Male | Candidate | sebasl02296@email.com | Active | [Sebastian post method [Sebastian executes a POST on the resource public-api/users [POST https://gorest.co.in/public-api/users]]], Then Candidate verify the creation of this user with the get method public-api/users/ [Sebastian get post method [Sebastian executes a GET on the resource public-api/users/1296 [GET https://gorest.co.in/public-api/users/1296]], Then validate id]]
[Test worker] WARN net.thucydides.core.steps.BaseStepListener - stepFinished: current outcome:Registration user:Example: {first_name=Sebastian, last_name=Londono, gender=Male, dob=Candidate, email=sebasl02296@email.com, status=Active} [Given Sebastian create a user with the post method in https://gorest.co.in/, When Candidate provide information the post method with public-api/users
| Sebastian | Londono | Male | Candidate | sebasl02296@email.com | Active | [Sebastian post method [Sebastian executes a POST on the resource public-api/users [POST https://gorest.co.in/public-api/users]]], Then Candidate verify the creation of this user with the get method public-api/users/ [Sebastian get post method [Sebastian executes a GET on the resource public-api/users/1296 [GET https://gorest.co.in/public-api/users/1296]], Then validate id]]
[Test worker] WARN net.thucydides.core.steps.BaseStepListener - stepFinished: current outcome:Registration user:Example: {first_name=Sebastian, last_name=Londono, gender=Male, dob=Candidate, email=sebasl02296@email.com, status=Active} [Given Sebastian create a user with the post method in https://gorest.co.in/, When Candidate provide information the post method with public-api/users
| Sebastian | Londono | Male | Candidate | sebasl02296@email.com | Active | [Sebastian post method [Sebastian executes a POST on the resource public-api/users [POST https://gorest.co.in/public-api/users]]], Then Candidate verify the creation of this user with the get method public-api/users/ [Sebastian get post method [Sebastian executes a GET on the resource public-api/users/1296 [GET https://gorest.co.in/public-api/users/1296]], Then validate id]]
[Test worker] WARN net.thucydides.core.steps.BaseStepListener - testFinished: Registration user:Example: {first_name=Sebastian, last_name=Londono, gender=Male, dob=Candidate, email=sebasl02296@email.com, status=Active} [Given Sebastian create a user with the post method in https://gorest.co.in/, When Candidate provide information the post method with public-api/users
| Sebastian | Londono | Male | Candidate | sebasl02296@email.com | Active | [Sebastian post method [Sebastian executes a POST on the resource public-api/users [POST https://gorest.co.in/public-api/users]]], Then Candidate verify the creation of this user with the get method public-api/users/ [Sebastian get post method [Sebastian executes a GET on the resource public-api/users/1296 [GET https://gorest.co.in/public-api/users/1296]], Then validate id]]
[Test worker] WARN net.thucydides.core.steps.BaseStepListener - TestOutcomes: [Registration user:Example: {first_name=Sebastian, last_name=Londono, gender=Male, dob=Candidate, email=sebasl02296@email.com, status=Active} [Given Sebastian create a user with the post method in https://gorest.co.in/, When Candidate provide information the post method with public-api/users
| Sebastian | Londono | Male | Candidate | sebasl02296@email.com | Active | [Sebastian post method [Sebastian executes a POST on the resource public-api/users [POST https://gorest.co.in/public-api/users]]], Then Candidate verify the creation of this user with the get method public-api/users/ [Sebastian get post method [Sebastian executes a GET on the resource public-api/users/1296 [GET https://gorest.co.in/public-api/users/1296]], Then validate id]]]
[Test worker] WARN net.thucydides.core.steps.BaseStepListener - Final testOutcomes: [Registration user:Example: {first_name=Sebastian, last_name=Londono, gender=Male, dob=Candidate, email=sebasl02296@email.com, status=Active} [Given Sebastian create a user with the post method in https://gorest.co.in/, When Candidate provide information the post method with public-api/users
| Sebastian | Londono | Male | Candidate | sebasl02296@email.com | Active | [Sebastian post method [Sebastian executes a POST on the resource public-api/users [POST https://gorest.co.in/public-api/users]]], Then Candidate verify the creation of this user with the get method public-api/users/ [Sebastian get post method [Sebastian executes a GET on the resource public-api/users/1296 [GET https://gorest.co.in/public-api/users/1296]], Then validate id]]]
[Test worker] INFO net.thucydides.core.steps.ConsoleLoggingListener - 
        __    _____ _____ ____ _____   ____   _    ____  ____  _____ ____  
  _     \ \  |_   _| ____/ ___|_   _| |  _ \ / \  / ___|/ ___|| ____|  _ \ 
 (_)_____| |   | | |  _| \___ \ | |   | |_) / _ \ \___ \\___ \|  _| | | | |
  _|_____| |   | | | |___ ___) || |   |  __/ ___ \ ___) |___) | |___| |_| |
 (_)     | |   |_| |_____|____/ |_|   |_| /_/   \_\____/|____/|_____|____/ 
        /_/                                                                

TEST PASSED: Registration user
----------------------------------------------------------------------------
]]></system-err>
</testsuite>
