<?xml version="1.0" encoding="UTF-8"?>
<testsuite name="Add a product to the shopping cart wong" tests="1" skipped="0" failures="0" errors="0" timestamp="2020-10-07T23:03:14" hostname="CHMEPPF0HE3RF" time="34.883">
  <properties/>
  <testcase name="Add a product to the shopping cart" classname="Add a product to the shopping cart wong" time="34.883"/>
  <system-out><![CDATA[]]></system-out>
  <system-err><![CDATA[[Test worker] WARN net.thucydides.core.steps.BaseStepListener - stepStarted: net.thucydides.core.steps.ExecutedStepDescription@6fb192a8
[Test worker] WARN net.thucydides.core.steps.BaseStepListener - stepStarted: net.thucydides.core.steps.ExecutedStepDescription@5cd3cc66
[Test worker] WARN net.thucydides.core.steps.BaseStepListener - stepStarted: net.thucydides.core.steps.ExecutedStepDescription@2159e6c6
oct 07, 2020 6:03:16 PM org.openqa.selenium.remote.DesiredCapabilities chrome
INFORMACIÓN: Using `new ChromeOptions()` is preferred to `DesiredCapabilities.chrome()`
[Test worker] INFO net.serenitybdd.core.webdriver.driverproviders.ProvideNewDriver - Instantiating driver
[Test worker] INFO net.serenitybdd.core.webdriver.driverproviders.ProvideNewDriver - Driver capabilities: Capabilities {acceptInsecureCerts: false, browserName: chrome, chrome.switches: --start-maximized, goog:chromeOptions: {args: [--start-maximized], extensions: []}, loggingPrefs: org.openqa.selenium.logging..., platform: ANY, version: }
Starting ChromeDriver 2.39.562718 (9a2698cba08cf5a471a29d30c8b3e12becabb0e9) on port 4408
Only local connections are allowed.
[1602111803.026][WARNING]: Timed out connecting to Chrome, retrying...
oct 07, 2020 6:03:25 PM org.openqa.selenium.remote.ProtocolHandshake createSession
INFORMACIÓN: Detected dialect: OSS
[Test worker] WARN net.thucydides.core.steps.BaseStepListener - stepFinished: current outcome:Add a product to the shopping cart:Example: {product=Pan Centeno Vollkorn Mestemacher 500 g} [Given The user open page wong [User open page [user opens the Main page wong]]]
[Test worker] WARN net.thucydides.core.steps.BaseStepListener - stepStarted: net.thucydides.core.steps.ExecutedStepDescription@12c662ab
[Test worker] WARN net.thucydides.core.steps.BaseStepListener - stepFinished: current outcome:Add a product to the shopping cart:Example: {product=Pan Centeno Vollkorn Mestemacher 500 g} [Given The user open page wong [User open page [user opens the Main page wong, user clicks on Close pop up]]]
[Test worker] WARN net.thucydides.core.steps.BaseStepListener - stepFinished: current outcome:Add a product to the shopping cart:Example: {product=Pan Centeno Vollkorn Mestemacher 500 g} [Given The user open page wong [User open page [user opens the Main page wong, user clicks on Close pop up]]]
[Test worker] WARN net.thucydides.core.steps.BaseStepListener - stepFinished: current outcome:Add a product to the shopping cart:Example: {product=Pan Centeno Vollkorn Mestemacher 500 g} [Given The user open page wong [User open page [user opens the Main page wong, user clicks on Close pop up]]]
[Test worker] WARN net.thucydides.core.steps.BaseStepListener - stepStarted: net.thucydides.core.steps.ExecutedStepDescription@595d84c2
[Test worker] WARN net.thucydides.core.steps.BaseStepListener - stepStarted: net.thucydides.core.steps.ExecutedStepDescription@68bb01c8
[Test worker] WARN net.thucydides.core.steps.BaseStepListener - stepStarted: net.thucydides.core.steps.ExecutedStepDescription@544dd20b
[Test worker] WARN net.thucydides.core.steps.BaseStepListener - stepFinished: current outcome:Add a product to the shopping cart:Example: {product=Pan Centeno Vollkorn Mestemacher 500 g} [Given The user open page wong [User open page [user opens the Main page wong, user clicks on Close pop up]], When search the Pan Centeno Vollkorn Mestemacher 500 g [User search in [user enters 'Pan Centeno Vollkorn Mestemacher 500 g' then hits [ENTER] into Add name the product for search]]]
[Test worker] WARN net.thucydides.core.steps.BaseStepListener - stepStarted: net.thucydides.core.steps.ExecutedStepDescription@65ec4580
[Test worker] WARN net.thucydides.core.steps.BaseStepListener - stepFinished: current outcome:Add a product to the shopping cart:Example: {product=Pan Centeno Vollkorn Mestemacher 500 g} [Given The user open page wong [User open page [user opens the Main page wong, user clicks on Close pop up]], When search the Pan Centeno Vollkorn Mestemacher 500 g [User search in [user enters 'Pan Centeno Vollkorn Mestemacher 500 g' then hits [ENTER] into Add name the product for search, user clicks on Select the product]]]
[Test worker] WARN net.thucydides.core.steps.BaseStepListener - stepFinished: current outcome:Add a product to the shopping cart:Example: {product=Pan Centeno Vollkorn Mestemacher 500 g} [Given The user open page wong [User open page [user opens the Main page wong, user clicks on Close pop up]], When search the Pan Centeno Vollkorn Mestemacher 500 g [User search in [user enters 'Pan Centeno Vollkorn Mestemacher 500 g' then hits [ENTER] into Add name the product for search, user clicks on Select the product]]]
[Test worker] WARN net.thucydides.core.steps.BaseStepListener - stepFinished: current outcome:Add a product to the shopping cart:Example: {product=Pan Centeno Vollkorn Mestemacher 500 g} [Given The user open page wong [User open page [user opens the Main page wong, user clicks on Close pop up]], When search the Pan Centeno Vollkorn Mestemacher 500 g [User search in [user enters 'Pan Centeno Vollkorn Mestemacher 500 g' then hits [ENTER] into Add name the product for search, user clicks on Select the product]]]
[Test worker] WARN net.thucydides.core.steps.BaseStepListener - stepStarted: net.thucydides.core.steps.ExecutedStepDescription@2b06504b
[Test worker] WARN net.thucydides.core.steps.BaseStepListener - stepStarted: net.thucydides.core.steps.ExecutedStepDescription@219d19e8
[Test worker] WARN net.thucydides.core.steps.BaseStepListener - stepStarted: net.thucydides.core.steps.ExecutedStepDescription@655b2f1a
[Test worker] WARN net.thucydides.core.steps.BaseStepListener - stepFinished: current outcome:Add a product to the shopping cart:Example: {product=Pan Centeno Vollkorn Mestemacher 500 g} [Given The user open page wong [User open page [user opens the Main page wong, user clicks on Close pop up]], When search the Pan Centeno Vollkorn Mestemacher 500 g [User search in [user enters 'Pan Centeno Vollkorn Mestemacher 500 g' then hits [ENTER] into Add name the product for search, user clicks on Select the product]], And the product is add to the cart [User add the product [user clicks on Select the product]]]
[Test worker] WARN net.thucydides.core.steps.BaseStepListener - stepStarted: net.thucydides.core.steps.ExecutedStepDescription@769f063a
[Test worker] WARN net.thucydides.core.steps.BaseStepListener - stepFinished: current outcome:Add a product to the shopping cart:Example: {product=Pan Centeno Vollkorn Mestemacher 500 g} [Given The user open page wong [User open page [user opens the Main page wong, user clicks on Close pop up]], When search the Pan Centeno Vollkorn Mestemacher 500 g [User search in [user enters 'Pan Centeno Vollkorn Mestemacher 500 g' then hits [ENTER] into Add name the product for search, user clicks on Select the product]], And the product is add to the cart [User add the product [user clicks on Select the product, user clicks on Select the product]]]
[Test worker] WARN net.thucydides.core.steps.BaseStepListener - stepStarted: net.thucydides.core.steps.ExecutedStepDescription@618c2086
[Test worker] WARN net.thucydides.core.steps.BaseStepListener - stepFinished: current outcome:Add a product to the shopping cart:Example: {product=Pan Centeno Vollkorn Mestemacher 500 g} [Given The user open page wong [User open page [user opens the Main page wong, user clicks on Close pop up]], When search the Pan Centeno Vollkorn Mestemacher 500 g [User search in [user enters 'Pan Centeno Vollkorn Mestemacher 500 g' then hits [ENTER] into Add name the product for search, user clicks on Select the product]], And the product is add to the cart [User add the product [user clicks on Select the product, user clicks on Select the product, user clicks on Add name the product for search]]]
[Test worker] WARN net.thucydides.core.steps.BaseStepListener - stepFinished: current outcome:Add a product to the shopping cart:Example: {product=Pan Centeno Vollkorn Mestemacher 500 g} [Given The user open page wong [User open page [user opens the Main page wong, user clicks on Close pop up]], When search the Pan Centeno Vollkorn Mestemacher 500 g [User search in [user enters 'Pan Centeno Vollkorn Mestemacher 500 g' then hits [ENTER] into Add name the product for search, user clicks on Select the product]], And the product is add to the cart [User add the product [user clicks on Select the product, user clicks on Select the product, user clicks on Add name the product for search]]]
[Test worker] WARN net.thucydides.core.steps.BaseStepListener - stepFinished: current outcome:Add a product to the shopping cart:Example: {product=Pan Centeno Vollkorn Mestemacher 500 g} [Given The user open page wong [User open page [user opens the Main page wong, user clicks on Close pop up]], When search the Pan Centeno Vollkorn Mestemacher 500 g [User search in [user enters 'Pan Centeno Vollkorn Mestemacher 500 g' then hits [ENTER] into Add name the product for search, user clicks on Select the product]], And the product is add to the cart [User add the product [user clicks on Select the product, user clicks on Select the product, user clicks on Add name the product for search]]]
[Test worker] WARN net.thucydides.core.steps.BaseStepListener - stepStarted: net.thucydides.core.steps.ExecutedStepDescription@c3f2eb7
[Test worker] WARN net.thucydides.core.steps.BaseStepListener - stepStarted: net.thucydides.core.steps.ExecutedStepDescription@7196a7d5
[Test worker] WARN net.thucydides.core.steps.BaseStepListener - stepFinished: current outcome:Add a product to the shopping cart:Example: {product=Pan Centeno Vollkorn Mestemacher 500 g} [Given The user open page wong [User open page [user opens the Main page wong, user clicks on Close pop up]], When search the Pan Centeno Vollkorn Mestemacher 500 g [User search in [user enters 'Pan Centeno Vollkorn Mestemacher 500 g' then hits [ENTER] into Add name the product for search, user clicks on Select the product]], And the product is add to the cart [User add the product [user clicks on Select the product, user clicks on Select the product, user clicks on Add name the product for search]], Then Check if the Pan Centeno Vollkorn Mestemacher 500 g was added to the cart with the name [Then verify]]
[Test worker] WARN net.thucydides.core.steps.BaseStepListener - stepFinished: current outcome:Add a product to the shopping cart:Example: {product=Pan Centeno Vollkorn Mestemacher 500 g} [Given The user open page wong [User open page [user opens the Main page wong, user clicks on Close pop up]], When search the Pan Centeno Vollkorn Mestemacher 500 g [User search in [user enters 'Pan Centeno Vollkorn Mestemacher 500 g' then hits [ENTER] into Add name the product for search, user clicks on Select the product]], And the product is add to the cart [User add the product [user clicks on Select the product, user clicks on Select the product, user clicks on Add name the product for search]], Then Check if the Pan Centeno Vollkorn Mestemacher 500 g was added to the cart with the name [Then verify]]
[Test worker] WARN net.thucydides.core.steps.BaseStepListener - stepFinished: current outcome:Add a product to the shopping cart:Example: {product=Pan Centeno Vollkorn Mestemacher 500 g} [Given The user open page wong [User open page [user opens the Main page wong, user clicks on Close pop up]], When search the Pan Centeno Vollkorn Mestemacher 500 g [User search in [user enters 'Pan Centeno Vollkorn Mestemacher 500 g' then hits [ENTER] into Add name the product for search, user clicks on Select the product]], And the product is add to the cart [User add the product [user clicks on Select the product, user clicks on Select the product, user clicks on Add name the product for search]], Then Check if the Pan Centeno Vollkorn Mestemacher 500 g was added to the cart with the name [Then verify]]
[Test worker] WARN net.thucydides.core.steps.BaseStepListener - testFinished: Add a product to the shopping cart:Example: {product=Pan Centeno Vollkorn Mestemacher 500 g} [Given The user open page wong [User open page [user opens the Main page wong, user clicks on Close pop up]], When search the Pan Centeno Vollkorn Mestemacher 500 g [User search in [user enters 'Pan Centeno Vollkorn Mestemacher 500 g' then hits [ENTER] into Add name the product for search, user clicks on Select the product]], And the product is add to the cart [User add the product [user clicks on Select the product, user clicks on Select the product, user clicks on Add name the product for search]], Then Check if the Pan Centeno Vollkorn Mestemacher 500 g was added to the cart with the name [Then verify]]
[Test worker] WARN net.thucydides.core.steps.BaseStepListener - TestOutcomes: [Add a product to the shopping cart:Example: {product=Pan Centeno Vollkorn Mestemacher 500 g} [Given The user open page wong [User open page [user opens the Main page wong, user clicks on Close pop up]], When search the Pan Centeno Vollkorn Mestemacher 500 g [User search in [user enters 'Pan Centeno Vollkorn Mestemacher 500 g' then hits [ENTER] into Add name the product for search, user clicks on Select the product]], And the product is add to the cart [User add the product [user clicks on Select the product, user clicks on Select the product, user clicks on Add name the product for search]], Then Check if the Pan Centeno Vollkorn Mestemacher 500 g was added to the cart with the name [Then verify]]]
[Test worker] WARN net.thucydides.core.steps.BaseStepListener - Final testOutcomes: [Add a product to the shopping cart:Example: {product=Pan Centeno Vollkorn Mestemacher 500 g} [Given The user open page wong [User open page [user opens the Main page wong, user clicks on Close pop up]], When search the Pan Centeno Vollkorn Mestemacher 500 g [User search in [user enters 'Pan Centeno Vollkorn Mestemacher 500 g' then hits [ENTER] into Add name the product for search, user clicks on Select the product]], And the product is add to the cart [User add the product [user clicks on Select the product, user clicks on Select the product, user clicks on Add name the product for search]], Then Check if the Pan Centeno Vollkorn Mestemacher 500 g was added to the cart with the name [Then verify]]]
[Test worker] INFO net.thucydides.core.steps.ConsoleLoggingListener - 
        __    _____ _____ ____ _____   ____   _    ____  ____  _____ ____  
  _     \ \  |_   _| ____/ ___|_   _| |  _ \ / \  / ___|/ ___|| ____|  _ \ 
 (_)_____| |   | | |  _| \___ \ | |   | |_) / _ \ \___ \\___ \|  _| | | | |
  _|_____| |   | | | |___ ___) || |   |  __/ ___ \ ___) |___) | |___| |_| |
 (_)     | |   |_| |_____|____/ |_|   |_| /_/   \_\____/|____/|_____|____/ 
        /_/                                                                

TEST PASSED: Add a product to the shopping cart
----------------------------------------------------------------------------
]]></system-err>
</testsuite>
